mode: set
github.com/onelogin/onelogin-go-sdk/pkg/services/auth_servers/access_token_claims/v2.go:21.60,27.2 1 1
github.com/onelogin/onelogin-go-sdk/pkg/services/auth_servers/access_token_claims/v2.go:31.88,37.16 2 1
github.com/onelogin/onelogin-go-sdk/pkg/services/auth_servers/access_token_claims/v2.go:41.2,43.31 3 1
github.com/onelogin/onelogin-go-sdk/pkg/services/auth_servers/access_token_claims/v2.go:37.16,39.3 1 1
github.com/onelogin/onelogin-go-sdk/pkg/services/auth_servers/access_token_claims/v2.go:47.72,48.42 1 1
github.com/onelogin/onelogin-go-sdk/pkg/services/auth_servers/access_token_claims/v2.go:51.2,57.16 2 1
github.com/onelogin/onelogin-go-sdk/pkg/services/auth_servers/access_token_claims/v2.go:60.2,63.12 4 1
github.com/onelogin/onelogin-go-sdk/pkg/services/auth_servers/access_token_claims/v2.go:48.42,50.3 1 1
github.com/onelogin/onelogin-go-sdk/pkg/services/auth_servers/access_token_claims/v2.go:57.16,59.3 1 1
github.com/onelogin/onelogin-go-sdk/pkg/services/auth_servers/access_token_claims/v2.go:67.72,68.72 1 1
github.com/onelogin/onelogin-go-sdk/pkg/services/auth_servers/access_token_claims/v2.go:71.2,82.16 2 1
github.com/onelogin/onelogin-go-sdk/pkg/services/auth_servers/access_token_claims/v2.go:85.2,85.12 1 1
github.com/onelogin/onelogin-go-sdk/pkg/services/auth_servers/access_token_claims/v2.go:68.72,70.3 1 1
github.com/onelogin/onelogin-go-sdk/pkg/services/auth_servers/access_token_claims/v2.go:82.16,84.3 1 1
github.com/onelogin/onelogin-go-sdk/pkg/services/auth_servers/access_token_claims/v2.go:90.73,95.17 1 1
github.com/onelogin/onelogin-go-sdk/pkg/services/auth_servers/access_token_claims/v2.go:98.2,98.12 1 1
github.com/onelogin/onelogin-go-sdk/pkg/services/auth_servers/access_token_claims/v2.go:95.17,97.3 1 1
github.com/onelogin/onelogin-go-sdk/pkg/services/auth_servers/scopes/v2.go:21.60,27.2 1 1
github.com/onelogin/onelogin-go-sdk/pkg/services/auth_servers/scopes/v2.go:31.66,37.16 2 1
github.com/onelogin/onelogin-go-sdk/pkg/services/auth_servers/scopes/v2.go:41.2,43.20 3 1
github.com/onelogin/onelogin-go-sdk/pkg/services/auth_servers/scopes/v2.go:37.16,39.3 1 1
github.com/onelogin/onelogin-go-sdk/pkg/services/auth_servers/scopes/v2.go:47.50,48.31 1 1
github.com/onelogin/onelogin-go-sdk/pkg/services/auth_servers/scopes/v2.go:51.2,57.16 2 1
github.com/onelogin/onelogin-go-sdk/pkg/services/auth_servers/scopes/v2.go:60.2,63.12 4 1
github.com/onelogin/onelogin-go-sdk/pkg/services/auth_servers/scopes/v2.go:48.31,50.3 1 1
github.com/onelogin/onelogin-go-sdk/pkg/services/auth_servers/scopes/v2.go:57.16,59.3 1 1
github.com/onelogin/onelogin-go-sdk/pkg/services/auth_servers/scopes/v2.go:67.50,68.50 1 1
github.com/onelogin/onelogin-go-sdk/pkg/services/auth_servers/scopes/v2.go:71.2,82.16 2 1
github.com/onelogin/onelogin-go-sdk/pkg/services/auth_servers/scopes/v2.go:85.2,85.12 1 1
github.com/onelogin/onelogin-go-sdk/pkg/services/auth_servers/scopes/v2.go:68.50,70.3 1 1
github.com/onelogin/onelogin-go-sdk/pkg/services/auth_servers/scopes/v2.go:82.16,84.3 1 1
github.com/onelogin/onelogin-go-sdk/pkg/services/auth_servers/scopes/v2.go:90.62,95.17 1 1
github.com/onelogin/onelogin-go-sdk/pkg/services/auth_servers/scopes/v2.go:98.2,98.12 1 1
github.com/onelogin/onelogin-go-sdk/pkg/services/auth_servers/scopes/v2.go:95.17,97.3 1 1
github.com/onelogin/onelogin-go-sdk/internal/customerrors/requesterror.go:18.76,22.17 3 1
github.com/onelogin/onelogin-go-sdk/internal/customerrors/requesterror.go:26.2,26.54 1 1
github.com/onelogin/onelogin-go-sdk/internal/customerrors/requesterror.go:30.2,30.21 1 1
github.com/onelogin/onelogin-go-sdk/internal/customerrors/requesterror.go:34.2,38.3 1 1
github.com/onelogin/onelogin-go-sdk/internal/customerrors/requesterror.go:22.17,24.3 1 1
github.com/onelogin/onelogin-go-sdk/internal/customerrors/requesterror.go:26.54,28.3 1 1
github.com/onelogin/onelogin-go-sdk/internal/customerrors/requesterror.go:30.21,32.3 1 1
github.com/onelogin/onelogin-go-sdk/internal/customerrors/requesterror.go:41.44,43.23 2 1
github.com/onelogin/onelogin-go-sdk/internal/customerrors/requesterror.go:47.2,47.28 1 1
github.com/onelogin/onelogin-go-sdk/internal/customerrors/requesterror.go:51.2,51.131 1 1
github.com/onelogin/onelogin-go-sdk/internal/customerrors/requesterror.go:43.23,45.3 1 1
github.com/onelogin/onelogin-go-sdk/internal/customerrors/requesterror.go:47.28,49.3 1 1
github.com/onelogin/onelogin-go-sdk/internal/customerrors/errors.go:14.38,15.20 1 1
github.com/onelogin/onelogin-go-sdk/internal/customerrors/errors.go:18.2,19.25 2 1
github.com/onelogin/onelogin-go-sdk/internal/customerrors/errors.go:24.2,24.54 1 1
github.com/onelogin/onelogin-go-sdk/internal/customerrors/errors.go:15.20,17.3 1 1
github.com/onelogin/onelogin-go-sdk/internal/customerrors/errors.go:19.25,20.15 1 1
github.com/onelogin/onelogin-go-sdk/internal/customerrors/errors.go:20.15,22.4 1 1
github.com/onelogin/onelogin-go-sdk/internal/customerrors/oneloginerror.go:13.60,14.16 1 1
github.com/onelogin/onelogin-go-sdk/internal/customerrors/oneloginerror.go:18.2,21.3 1 1
github.com/onelogin/onelogin-go-sdk/internal/customerrors/oneloginerror.go:14.16,16.3 1 1
github.com/onelogin/onelogin-go-sdk/internal/customerrors/oneloginerror.go:24.46,26.24 2 1
github.com/onelogin/onelogin-go-sdk/internal/customerrors/oneloginerror.go:29.2,29.90 1 1
github.com/onelogin/onelogin-go-sdk/internal/customerrors/oneloginerror.go:26.24,28.3 1 1
github.com/onelogin/onelogin-go-sdk/pkg/services/apps/v2.go:21.60,27.2 1 1
github.com/onelogin/onelogin-go-sdk/pkg/services/apps/v2.go:31.62,38.16 2 1
github.com/onelogin/onelogin-go-sdk/pkg/services/apps/v2.go:42.2,45.18 3 1
github.com/onelogin/onelogin-go-sdk/pkg/services/apps/v2.go:38.16,40.3 1 1
github.com/onelogin/onelogin-go-sdk/pkg/services/apps/v2.go:50.54,56.16 2 1
github.com/onelogin/onelogin-go-sdk/pkg/services/apps/v2.go:60.2,63.18 3 1
github.com/onelogin/onelogin-go-sdk/pkg/services/apps/v2.go:56.16,58.3 1 1
github.com/onelogin/onelogin-go-sdk/pkg/services/apps/v2.go:67.46,74.16 2 1
github.com/onelogin/onelogin-go-sdk/pkg/services/apps/v2.go:77.2,78.12 2 1
github.com/onelogin/onelogin-go-sdk/pkg/services/apps/v2.go:74.16,76.3 1 1
github.com/onelogin/onelogin-go-sdk/pkg/services/apps/v2.go:90.54,91.19 1 1
github.com/onelogin/onelogin-go-sdk/pkg/services/apps/v2.go:94.2,95.35 2 1
github.com/onelogin/onelogin-go-sdk/pkg/services/apps/v2.go:98.2,104.16 2 1
github.com/onelogin/onelogin-go-sdk/pkg/services/apps/v2.go:107.2,111.26 3 1
github.com/onelogin/onelogin-go-sdk/pkg/services/apps/v2.go:120.2,120.28 1 1
github.com/onelogin/onelogin-go-sdk/pkg/services/apps/v2.go:91.19,93.3 1 0
github.com/onelogin/onelogin-go-sdk/pkg/services/apps/v2.go:95.35,97.3 1 0
github.com/onelogin/onelogin-go-sdk/pkg/services/apps/v2.go:104.16,106.3 1 1
github.com/onelogin/onelogin-go-sdk/pkg/services/apps/v2.go:111.26,114.24 3 1
github.com/onelogin/onelogin-go-sdk/pkg/services/apps/v2.go:117.3,117.28 1 1
github.com/onelogin/onelogin-go-sdk/pkg/services/apps/v2.go:114.24,116.4 1 0
github.com/onelogin/onelogin-go-sdk/pkg/services/apps/v2.go:124.47,129.17 1 1
github.com/onelogin/onelogin-go-sdk/pkg/services/apps/v2.go:132.2,132.12 1 1
github.com/onelogin/onelogin-go-sdk/pkg/services/apps/v2.go:129.17,131.3 1 1
github.com/onelogin/onelogin-go-sdk/pkg/services/apps/v2.go:138.97,141.40 3 1
github.com/onelogin/onelogin-go-sdk/pkg/services/apps/v2.go:145.2,145.46 1 1
github.com/onelogin/onelogin-go-sdk/pkg/services/apps/v2.go:156.2,156.44 1 1
github.com/onelogin/onelogin-go-sdk/pkg/services/apps/v2.go:141.40,143.3 1 0
github.com/onelogin/onelogin-go-sdk/pkg/services/apps/v2.go:145.46,146.33 1 1
github.com/onelogin/onelogin-go-sdk/pkg/services/apps/v2.go:146.33,151.19 1 1
github.com/onelogin/onelogin-go-sdk/pkg/services/apps/v2.go:151.19,153.5 1 1
github.com/onelogin/onelogin-go-sdk/pkg/services/auth_servers/v2.go:21.60,27.2 1 1
github.com/onelogin/onelogin-go-sdk/pkg/services/auth_servers/v2.go:31.75,38.16 2 1
github.com/onelogin/onelogin-go-sdk/pkg/services/auth_servers/v2.go:42.2,44.26 3 1
github.com/onelogin/onelogin-go-sdk/pkg/services/auth_servers/v2.go:38.16,40.3 1 1
github.com/onelogin/onelogin-go-sdk/pkg/services/auth_servers/v2.go:48.61,54.16 2 1
github.com/onelogin/onelogin-go-sdk/pkg/services/auth_servers/v2.go:57.2,59.25 3 1
github.com/onelogin/onelogin-go-sdk/pkg/services/auth_servers/v2.go:54.16,56.3 1 1
github.com/onelogin/onelogin-go-sdk/pkg/services/auth_servers/v2.go:64.60,71.16 2 1
github.com/onelogin/onelogin-go-sdk/pkg/services/auth_servers/v2.go:74.2,77.12 4 1
github.com/onelogin/onelogin-go-sdk/pkg/services/auth_servers/v2.go:71.16,73.3 1 1
github.com/onelogin/onelogin-go-sdk/pkg/services/auth_servers/v2.go:82.60,83.26 1 1
github.com/onelogin/onelogin-go-sdk/pkg/services/auth_servers/v2.go:86.2,92.16 2 1
github.com/onelogin/onelogin-go-sdk/pkg/services/auth_servers/v2.go:95.2,95.12 1 1
github.com/onelogin/onelogin-go-sdk/pkg/services/auth_servers/v2.go:83.26,85.3 1 0
github.com/onelogin/onelogin-go-sdk/pkg/services/auth_servers/v2.go:92.16,94.3 1 1
github.com/onelogin/onelogin-go-sdk/pkg/services/auth_servers/v2.go:99.47,104.17 1 1
github.com/onelogin/onelogin-go-sdk/pkg/services/auth_servers/v2.go:107.2,107.12 1 1
github.com/onelogin/onelogin-go-sdk/pkg/services/auth_servers/v2.go:104.17,106.3 1 1
github.com/onelogin/onelogin-go-sdk/pkg/oltypes/bool.go:5.27,7.2 1 1
github.com/onelogin/onelogin-go-sdk/pkg/oltypes/bool.go:11.41,12.16 1 1
github.com/onelogin/onelogin-go-sdk/pkg/oltypes/bool.go:16.2,16.21 1 1
github.com/onelogin/onelogin-go-sdk/pkg/oltypes/bool.go:12.16,14.3 1 1
github.com/onelogin/onelogin-go-sdk/pkg/oltypes/number.go:5.30,7.2 1 1
github.com/onelogin/onelogin-go-sdk/pkg/oltypes/number.go:11.44,12.16 1 1
github.com/onelogin/onelogin-go-sdk/pkg/oltypes/number.go:16.2,16.17 1 1
github.com/onelogin/onelogin-go-sdk/pkg/oltypes/number.go:12.16,14.3 1 1
github.com/onelogin/onelogin-go-sdk/pkg/oltypes/number.go:21.30,23.2 1 1
github.com/onelogin/onelogin-go-sdk/pkg/oltypes/number.go:27.44,28.16 1 1
github.com/onelogin/onelogin-go-sdk/pkg/oltypes/number.go:32.2,32.17 1 1
github.com/onelogin/onelogin-go-sdk/pkg/oltypes/number.go:28.16,30.3 1 1
github.com/onelogin/onelogin-go-sdk/pkg/oltypes/strings.go:10.33,12.2 1 1
github.com/onelogin/onelogin-go-sdk/pkg/oltypes/strings.go:16.47,17.16 1 1
github.com/onelogin/onelogin-go-sdk/pkg/oltypes/strings.go:21.2,21.27 1 1
github.com/onelogin/onelogin-go-sdk/pkg/oltypes/strings.go:17.16,19.3 1 1
github.com/onelogin/onelogin-go-sdk/pkg/services/auth_servers/client_apps/v2.go:21.60,27.2 1 1
github.com/onelogin/onelogin-go-sdk/pkg/services/auth_servers/client_apps/v2.go:31.74,37.16 2 1
github.com/onelogin/onelogin-go-sdk/pkg/services/auth_servers/client_apps/v2.go:41.2,43.21 3 1
github.com/onelogin/onelogin-go-sdk/pkg/services/auth_servers/client_apps/v2.go:37.16,39.3 1 1
github.com/onelogin/onelogin-go-sdk/pkg/services/auth_servers/client_apps/v2.go:47.58,48.35 1 1
github.com/onelogin/onelogin-go-sdk/pkg/services/auth_servers/client_apps/v2.go:51.2,57.16 2 1
github.com/onelogin/onelogin-go-sdk/pkg/services/auth_servers/client_apps/v2.go:61.2,66.12 5 1
github.com/onelogin/onelogin-go-sdk/pkg/services/auth_servers/client_apps/v2.go:48.35,50.3 1 1
github.com/onelogin/onelogin-go-sdk/pkg/services/auth_servers/client_apps/v2.go:57.16,59.3 1 1
github.com/onelogin/onelogin-go-sdk/pkg/services/auth_servers/client_apps/v2.go:70.58,71.58 1 1
github.com/onelogin/onelogin-go-sdk/pkg/services/auth_servers/client_apps/v2.go:74.2,80.16 2 1
github.com/onelogin/onelogin-go-sdk/pkg/services/auth_servers/client_apps/v2.go:84.2,89.12 5 1
github.com/onelogin/onelogin-go-sdk/pkg/services/auth_servers/client_apps/v2.go:71.58,73.3 1 1
github.com/onelogin/onelogin-go-sdk/pkg/services/auth_servers/client_apps/v2.go:80.16,82.3 1 1
github.com/onelogin/onelogin-go-sdk/pkg/services/auth_servers/client_apps/v2.go:94.63,99.17 1 1
github.com/onelogin/onelogin-go-sdk/pkg/services/auth_servers/client_apps/v2.go:102.2,102.12 1 1
github.com/onelogin/onelogin-go-sdk/pkg/services/auth_servers/client_apps/v2.go:99.17,101.3 1 1
github.com/onelogin/onelogin-go-sdk/pkg/services/apps/app_rules/v2.go:25.94,32.2 1 1
github.com/onelogin/onelogin-go-sdk/pkg/services/apps/app_rules/v2.go:36.69,42.16 2 1
github.com/onelogin/onelogin-go-sdk/pkg/services/apps/app_rules/v2.go:46.2,48.22 3 1
github.com/onelogin/onelogin-go-sdk/pkg/services/apps/app_rules/v2.go:42.16,44.3 1 1
github.com/onelogin/onelogin-go-sdk/pkg/services/apps/app_rules/v2.go:53.71,59.16 2 1
github.com/onelogin/onelogin-go-sdk/pkg/services/apps/app_rules/v2.go:63.2,65.22 3 1
github.com/onelogin/onelogin-go-sdk/pkg/services/apps/app_rules/v2.go:59.16,61.3 1 1
github.com/onelogin/onelogin-go-sdk/pkg/services/apps/app_rules/v2.go:69.54,70.26 1 1
github.com/onelogin/onelogin-go-sdk/pkg/services/apps/app_rules/v2.go:73.2,79.16 2 1
github.com/onelogin/onelogin-go-sdk/pkg/services/apps/app_rules/v2.go:82.2,83.12 2 1
github.com/onelogin/onelogin-go-sdk/pkg/services/apps/app_rules/v2.go:70.26,72.3 1 1
github.com/onelogin/onelogin-go-sdk/pkg/services/apps/app_rules/v2.go:79.16,81.3 1 1
github.com/onelogin/onelogin-go-sdk/pkg/services/apps/app_rules/v2.go:87.54,88.47 1 1
github.com/onelogin/onelogin-go-sdk/pkg/services/apps/app_rules/v2.go:91.2,92.26 2 1
github.com/onelogin/onelogin-go-sdk/pkg/services/apps/app_rules/v2.go:96.2,102.16 2 1
github.com/onelogin/onelogin-go-sdk/pkg/services/apps/app_rules/v2.go:105.2,106.12 2 1
github.com/onelogin/onelogin-go-sdk/pkg/services/apps/app_rules/v2.go:88.47,90.3 1 1
github.com/onelogin/onelogin-go-sdk/pkg/services/apps/app_rules/v2.go:92.26,95.3 2 1
github.com/onelogin/onelogin-go-sdk/pkg/services/apps/app_rules/v2.go:102.16,104.3 1 1
github.com/onelogin/onelogin-go-sdk/pkg/services/apps/app_rules/v2.go:111.60,116.17 1 1
github.com/onelogin/onelogin-go-sdk/pkg/services/apps/app_rules/v2.go:119.2,119.12 1 1
github.com/onelogin/onelogin-go-sdk/pkg/services/apps/app_rules/v2.go:116.17,118.3 1 1
github.com/onelogin/onelogin-go-sdk/pkg/services/apps/app_rules/v2.go:122.72,126.44 4 1
github.com/onelogin/onelogin-go-sdk/pkg/services/apps/app_rules/v2.go:130.2,130.38 1 1
github.com/onelogin/onelogin-go-sdk/pkg/services/apps/app_rules/v2.go:134.2,138.39 2 1
github.com/onelogin/onelogin-go-sdk/pkg/services/apps/app_rules/v2.go:156.2,159.44 3 1
github.com/onelogin/onelogin-go-sdk/pkg/services/apps/app_rules/v2.go:183.2,183.38 1 1
github.com/onelogin/onelogin-go-sdk/pkg/services/apps/app_rules/v2.go:201.2,201.44 1 1
github.com/onelogin/onelogin-go-sdk/pkg/services/apps/app_rules/v2.go:126.44,129.3 2 1
github.com/onelogin/onelogin-go-sdk/pkg/services/apps/app_rules/v2.go:130.38,132.3 1 1
github.com/onelogin/onelogin-go-sdk/pkg/services/apps/app_rules/v2.go:138.39,140.63 2 1
github.com/onelogin/onelogin-go-sdk/pkg/services/apps/app_rules/v2.go:140.63,144.18 4 1
github.com/onelogin/onelogin-go-sdk/pkg/services/apps/app_rules/v2.go:147.4,148.42 2 1
github.com/onelogin/onelogin-go-sdk/pkg/services/apps/app_rules/v2.go:151.4,153.18 3 1
github.com/onelogin/onelogin-go-sdk/pkg/services/apps/app_rules/v2.go:144.18,146.5 1 1
github.com/onelogin/onelogin-go-sdk/pkg/services/apps/app_rules/v2.go:148.42,150.5 1 1
github.com/onelogin/onelogin-go-sdk/pkg/services/apps/app_rules/v2.go:159.44,160.52 1 1
github.com/onelogin/onelogin-go-sdk/pkg/services/apps/app_rules/v2.go:167.3,167.94 1 1
github.com/onelogin/onelogin-go-sdk/pkg/services/apps/app_rules/v2.go:174.3,174.97 1 1
github.com/onelogin/onelogin-go-sdk/pkg/services/apps/app_rules/v2.go:160.52,162.18 2 1
github.com/onelogin/onelogin-go-sdk/pkg/services/apps/app_rules/v2.go:162.18,165.5 2 1
github.com/onelogin/onelogin-go-sdk/pkg/services/apps/app_rules/v2.go:167.94,169.18 2 1
github.com/onelogin/onelogin-go-sdk/pkg/services/apps/app_rules/v2.go:169.18,172.5 2 1
github.com/onelogin/onelogin-go-sdk/pkg/services/apps/app_rules/v2.go:174.97,176.18 2 1
github.com/onelogin/onelogin-go-sdk/pkg/services/apps/app_rules/v2.go:176.18,179.5 2 1
github.com/onelogin/onelogin-go-sdk/pkg/services/apps/app_rules/v2.go:183.38,184.49 1 1
github.com/onelogin/onelogin-go-sdk/pkg/services/apps/app_rules/v2.go:191.3,191.36 1 1
github.com/onelogin/onelogin-go-sdk/pkg/services/apps/app_rules/v2.go:184.49,186.18 2 1
github.com/onelogin/onelogin-go-sdk/pkg/services/apps/app_rules/v2.go:186.18,189.5 2 1
github.com/onelogin/onelogin-go-sdk/pkg/services/apps/app_rules/v2.go:191.36,192.89 1 1
github.com/onelogin/onelogin-go-sdk/pkg/services/apps/app_rules/v2.go:192.89,194.19 2 1
github.com/onelogin/onelogin-go-sdk/pkg/services/apps/app_rules/v2.go:194.19,197.6 2 1
github.com/onelogin/onelogin-go-sdk/pkg/client/client.go:46.58,48.16 2 1
github.com/onelogin/onelogin-go-sdk/pkg/client/client.go:52.2,90.8 12 1
github.com/onelogin/onelogin-go-sdk/pkg/client/client.go:48.16,50.3 1 1
github.com/onelogin/onelogin-go-sdk/pkg/client/client_config.go:32.68,35.28 1 1
github.com/onelogin/onelogin-go-sdk/pkg/client/client_config.go:40.2,40.32 1 1
github.com/onelogin/onelogin-go-sdk/pkg/client/client_config.go:43.2,43.23 1 1
github.com/onelogin/onelogin-go-sdk/pkg/client/client_config.go:52.2,52.22 1 1
github.com/onelogin/onelogin-go-sdk/pkg/client/client_config.go:56.2,56.17 1 1
github.com/onelogin/onelogin-go-sdk/pkg/client/client_config.go:35.28,37.3 1 1
github.com/onelogin/onelogin-go-sdk/pkg/client/client_config.go:40.32,42.3 1 1
github.com/onelogin/onelogin-go-sdk/pkg/client/client_config.go:43.23,45.37 1 1
github.com/onelogin/onelogin-go-sdk/pkg/client/client_config.go:48.3,48.53 1 1
github.com/onelogin/onelogin-go-sdk/pkg/client/client_config.go:45.37,47.4 1 1
github.com/onelogin/onelogin-go-sdk/pkg/client/client_config.go:52.22,54.3 1 1
github.com/onelogin/onelogin-go-sdk/pkg/client/client_config.go:59.44,61.2 1 1
github.com/onelogin/onelogin-go-sdk/pkg/services/olhttp/olrequest.go:29.57,35.2 1 1
github.com/onelogin/onelogin-go-sdk/pkg/services/olhttp/olrequest.go:45.62,48.19 3 1
github.com/onelogin/onelogin-go-sdk/pkg/services/olhttp/olrequest.go:52.2,52.36 1 1
github.com/onelogin/onelogin-go-sdk/pkg/services/olhttp/olrequest.go:58.2,63.16 3 1
github.com/onelogin/onelogin-go-sdk/pkg/services/olhttp/olrequest.go:66.2,66.6 1 1
github.com/onelogin/onelogin-go-sdk/pkg/services/olhttp/olrequest.go:78.2,78.16 1 1
github.com/onelogin/onelogin-go-sdk/pkg/services/olhttp/olrequest.go:81.2,81.18 1 1
github.com/onelogin/onelogin-go-sdk/pkg/services/olhttp/olrequest.go:48.19,50.3 1 0
github.com/onelogin/onelogin-go-sdk/pkg/services/olhttp/olrequest.go:52.36,53.77 1 1
github.com/onelogin/onelogin-go-sdk/pkg/services/olhttp/olrequest.go:53.77,55.4 1 0
github.com/onelogin/onelogin-go-sdk/pkg/services/olhttp/olrequest.go:63.16,65.3 1 0
github.com/onelogin/onelogin-go-sdk/pkg/services/olhttp/olrequest.go:66.6,69.17 3 1
github.com/onelogin/onelogin-go-sdk/pkg/services/olhttp/olrequest.go:72.3,75.58 4 1
github.com/onelogin/onelogin-go-sdk/pkg/services/olhttp/olrequest.go:69.17,70.9 1 1
github.com/onelogin/onelogin-go-sdk/pkg/services/olhttp/olrequest.go:78.16,80.3 1 0
github.com/onelogin/onelogin-go-sdk/pkg/services/olhttp/olrequest.go:85.64,91.36 3 1
github.com/onelogin/onelogin-go-sdk/pkg/services/olhttp/olrequest.go:100.2,100.19 1 1
github.com/onelogin/onelogin-go-sdk/pkg/services/olhttp/olrequest.go:103.2,104.16 2 1
github.com/onelogin/onelogin-go-sdk/pkg/services/olhttp/olrequest.go:107.2,107.18 1 1
github.com/onelogin/onelogin-go-sdk/pkg/services/olhttp/olrequest.go:91.36,93.22 2 1
github.com/onelogin/onelogin-go-sdk/pkg/services/olhttp/olrequest.go:96.3,96.99 1 1
github.com/onelogin/onelogin-go-sdk/pkg/services/olhttp/olrequest.go:93.22,95.4 1 0
github.com/onelogin/onelogin-go-sdk/pkg/services/olhttp/olrequest.go:97.8,99.3 1 1
github.com/onelogin/onelogin-go-sdk/pkg/services/olhttp/olrequest.go:100.19,102.3 1 0
github.com/onelogin/onelogin-go-sdk/pkg/services/olhttp/olrequest.go:104.16,106.3 1 1
github.com/onelogin/onelogin-go-sdk/pkg/services/olhttp/olrequest.go:111.64,117.36 3 1
github.com/onelogin/onelogin-go-sdk/pkg/services/olhttp/olrequest.go:126.2,126.19 1 1
github.com/onelogin/onelogin-go-sdk/pkg/services/olhttp/olrequest.go:129.2,130.16 2 1
github.com/onelogin/onelogin-go-sdk/pkg/services/olhttp/olrequest.go:133.2,133.18 1 1
github.com/onelogin/onelogin-go-sdk/pkg/services/olhttp/olrequest.go:117.36,119.22 2 1
github.com/onelogin/onelogin-go-sdk/pkg/services/olhttp/olrequest.go:122.3,122.98 1 1
github.com/onelogin/onelogin-go-sdk/pkg/services/olhttp/olrequest.go:119.22,121.4 1 0
github.com/onelogin/onelogin-go-sdk/pkg/services/olhttp/olrequest.go:123.8,125.3 1 1
github.com/onelogin/onelogin-go-sdk/pkg/services/olhttp/olrequest.go:126.19,128.3 1 0
github.com/onelogin/onelogin-go-sdk/pkg/services/olhttp/olrequest.go:130.16,132.3 1 0
github.com/onelogin/onelogin-go-sdk/pkg/services/olhttp/olrequest.go:137.65,140.19 3 1
github.com/onelogin/onelogin-go-sdk/pkg/services/olhttp/olrequest.go:143.2,144.16 2 1
github.com/onelogin/onelogin-go-sdk/pkg/services/olhttp/olrequest.go:147.2,147.18 1 1
github.com/onelogin/onelogin-go-sdk/pkg/services/olhttp/olrequest.go:140.19,142.3 1 0
github.com/onelogin/onelogin-go-sdk/pkg/services/olhttp/olrequest.go:144.16,146.3 1 0
github.com/onelogin/onelogin-go-sdk/pkg/services/olhttp/olrequest.go:151.74,154.16 3 1
github.com/onelogin/onelogin-go-sdk/pkg/services/olhttp/olrequest.go:157.2,158.45 2 1
github.com/onelogin/onelogin-go-sdk/pkg/services/olhttp/olrequest.go:161.2,161.22 1 1
github.com/onelogin/onelogin-go-sdk/pkg/services/olhttp/olrequest.go:166.2,167.12 2 1
github.com/onelogin/onelogin-go-sdk/pkg/services/olhttp/olrequest.go:154.16,156.3 1 0
github.com/onelogin/onelogin-go-sdk/pkg/services/olhttp/olrequest.go:158.45,160.3 1 0
github.com/onelogin/onelogin-go-sdk/pkg/services/olhttp/olrequest.go:161.22,162.14 1 1
github.com/onelogin/onelogin-go-sdk/pkg/services/olhttp/olrequest.go:162.14,164.4 1 1
github.com/onelogin/onelogin-go-sdk/pkg/services/olhttp/olrequest.go:172.97,174.48 1 1
github.com/onelogin/onelogin-go-sdk/pkg/services/olhttp/olrequest.go:177.2,177.53 1 1
github.com/onelogin/onelogin-go-sdk/pkg/services/olhttp/olrequest.go:192.2,192.12 1 1
github.com/onelogin/onelogin-go-sdk/pkg/services/olhttp/olrequest.go:174.48,176.3 1 1
github.com/onelogin/onelogin-go-sdk/pkg/services/olhttp/olrequest.go:178.16,179.51 1 1
github.com/onelogin/onelogin-go-sdk/pkg/services/olhttp/olrequest.go:184.3,184.46 1 1
github.com/onelogin/onelogin-go-sdk/pkg/services/olhttp/olrequest.go:187.15,188.65 1 1
github.com/onelogin/onelogin-go-sdk/pkg/services/olhttp/olrequest.go:189.10,189.10 0 1
github.com/onelogin/onelogin-go-sdk/pkg/services/olhttp/olrequest.go:179.51,180.46 1 1
github.com/onelogin/onelogin-go-sdk/pkg/services/olhttp/olrequest.go:180.46,182.5 1 1
github.com/onelogin/onelogin-go-sdk/pkg/services/olhttp/olrequest.go:184.46,186.4 1 1
github.com/onelogin/onelogin-go-sdk/pkg/services/olhttp/olrequest.go:197.121,198.64 1 1
github.com/onelogin/onelogin-go-sdk/pkg/services/olhttp/olrequest.go:201.2,202.16 2 1
github.com/onelogin/onelogin-go-sdk/pkg/services/olhttp/olrequest.go:207.2,208.16 2 1
github.com/onelogin/onelogin-go-sdk/pkg/services/olhttp/olrequest.go:211.2,213.9 2 1
github.com/onelogin/onelogin-go-sdk/pkg/services/olhttp/olrequest.go:198.64,200.3 1 1
github.com/onelogin/onelogin-go-sdk/pkg/services/olhttp/olrequest.go:202.16,206.3 3 0
github.com/onelogin/onelogin-go-sdk/pkg/services/olhttp/olrequest.go:208.16,210.3 1 0
github.com/onelogin/onelogin-go-sdk/pkg/services/olhttp/olrequest.go:214.91,215.45 1 1
github.com/onelogin/onelogin-go-sdk/pkg/services/olhttp/olrequest.go:221.3,221.99 1 1
github.com/onelogin/onelogin-go-sdk/pkg/services/olhttp/olrequest.go:222.56,223.105 1 1
github.com/onelogin/onelogin-go-sdk/pkg/services/olhttp/olrequest.go:224.56,225.104 1 1
github.com/onelogin/onelogin-go-sdk/pkg/services/olhttp/olrequest.go:226.10,227.33 1 1
github.com/onelogin/onelogin-go-sdk/pkg/services/olhttp/olrequest.go:215.45,216.46 1 1
github.com/onelogin/onelogin-go-sdk/pkg/services/olhttp/olrequest.go:219.4,219.48 1 1
github.com/onelogin/onelogin-go-sdk/pkg/services/olhttp/olrequest.go:216.46,218.5 1 0
github.com/onelogin/onelogin-go-sdk/pkg/services/olhttp/olrequest.go:232.71,239.16 2 1
github.com/onelogin/onelogin-go-sdk/pkg/services/olhttp/olrequest.go:243.2,244.53 2 1
github.com/onelogin/onelogin-go-sdk/pkg/services/olhttp/olrequest.go:247.2,247.20 1 1
github.com/onelogin/onelogin-go-sdk/pkg/services/olhttp/olrequest.go:239.16,241.3 1 1
github.com/onelogin/onelogin-go-sdk/pkg/services/olhttp/olrequest.go:244.53,246.3 1 0
github.com/onelogin/onelogin-go-sdk/pkg/services/olhttp/olrequest.go:251.47,254.16 3 1
github.com/onelogin/onelogin-go-sdk/pkg/services/olhttp/olrequest.go:257.2,257.12 1 1
github.com/onelogin/onelogin-go-sdk/pkg/services/olhttp/olrequest.go:254.16,256.3 1 1
github.com/onelogin/onelogin-go-sdk/pkg/services/session_login_tokens/v1.go:19.60,25.2 1 1
github.com/onelogin/onelogin-go-sdk/pkg/services/session_login_tokens/v1.go:29.93,36.16 2 1
github.com/onelogin/onelogin-go-sdk/pkg/services/session_login_tokens/v1.go:39.2,41.30 3 1
github.com/onelogin/onelogin-go-sdk/pkg/services/session_login_tokens/v1.go:36.16,38.3 1 1
github.com/onelogin/onelogin-go-sdk/pkg/services/legal_values/legal_values.go:20.69,26.2 1 1
github.com/onelogin/onelogin-go-sdk/pkg/services/legal_values/legal_values.go:28.82,34.16 2 1
github.com/onelogin/onelogin-go-sdk/pkg/services/legal_values/legal_values.go:38.2,38.60 1 1
github.com/onelogin/onelogin-go-sdk/pkg/services/legal_values/legal_values.go:42.2,42.12 1 1
github.com/onelogin/onelogin-go-sdk/pkg/services/legal_values/legal_values.go:34.16,36.3 1 1
github.com/onelogin/onelogin-go-sdk/pkg/services/legal_values/legal_values.go:38.60,40.3 1 1
github.com/onelogin/onelogin-go-sdk/pkg/services/user_mappings/v2.go:27.94,34.2 1 1
github.com/onelogin/onelogin-go-sdk/pkg/services/user_mappings/v2.go:38.78,45.16 2 1
github.com/onelogin/onelogin-go-sdk/pkg/services/user_mappings/v2.go:49.2,52.26 3 1
github.com/onelogin/onelogin-go-sdk/pkg/services/user_mappings/v2.go:45.16,47.3 1 1
github.com/onelogin/onelogin-go-sdk/pkg/services/user_mappings/v2.go:57.62,63.16 2 1
github.com/onelogin/onelogin-go-sdk/pkg/services/user_mappings/v2.go:67.2,70.22 3 1
github.com/onelogin/onelogin-go-sdk/pkg/services/user_mappings/v2.go:63.16,65.3 1 1
github.com/onelogin/onelogin-go-sdk/pkg/services/user_mappings/v2.go:75.58,76.23 1 1
github.com/onelogin/onelogin-go-sdk/pkg/services/user_mappings/v2.go:79.2,80.26 2 1
github.com/onelogin/onelogin-go-sdk/pkg/services/user_mappings/v2.go:83.2,89.16 2 1
github.com/onelogin/onelogin-go-sdk/pkg/services/user_mappings/v2.go:93.2,98.12 4 1
github.com/onelogin/onelogin-go-sdk/pkg/services/user_mappings/v2.go:76.23,78.3 1 0
github.com/onelogin/onelogin-go-sdk/pkg/services/user_mappings/v2.go:80.26,82.3 1 1
github.com/onelogin/onelogin-go-sdk/pkg/services/user_mappings/v2.go:89.16,91.3 1 1
github.com/onelogin/onelogin-go-sdk/pkg/services/user_mappings/v2.go:103.58,105.26 2 1
github.com/onelogin/onelogin-go-sdk/pkg/services/user_mappings/v2.go:108.2,115.16 2 1
github.com/onelogin/onelogin-go-sdk/pkg/services/user_mappings/v2.go:118.2,123.12 4 1
github.com/onelogin/onelogin-go-sdk/pkg/services/user_mappings/v2.go:105.26,107.3 1 1
github.com/onelogin/onelogin-go-sdk/pkg/services/user_mappings/v2.go:115.16,117.3 1 1
github.com/onelogin/onelogin-go-sdk/pkg/services/user_mappings/v2.go:127.47,132.17 1 1
github.com/onelogin/onelogin-go-sdk/pkg/services/user_mappings/v2.go:135.2,135.12 1 1
github.com/onelogin/onelogin-go-sdk/pkg/services/user_mappings/v2.go:132.17,134.3 1 1
github.com/onelogin/onelogin-go-sdk/pkg/services/user_mappings/v2.go:138.82,142.47 4 1
github.com/onelogin/onelogin-go-sdk/pkg/services/user_mappings/v2.go:146.2,146.41 1 1
github.com/onelogin/onelogin-go-sdk/pkg/services/user_mappings/v2.go:150.2,154.39 2 1
github.com/onelogin/onelogin-go-sdk/pkg/services/user_mappings/v2.go:172.2,175.47 3 1
github.com/onelogin/onelogin-go-sdk/pkg/services/user_mappings/v2.go:199.2,199.41 1 1
github.com/onelogin/onelogin-go-sdk/pkg/services/user_mappings/v2.go:217.2,217.44 1 1
github.com/onelogin/onelogin-go-sdk/pkg/services/user_mappings/v2.go:142.47,145.3 2 1
github.com/onelogin/onelogin-go-sdk/pkg/services/user_mappings/v2.go:146.41,148.3 1 1
github.com/onelogin/onelogin-go-sdk/pkg/services/user_mappings/v2.go:154.39,156.63 2 1
github.com/onelogin/onelogin-go-sdk/pkg/services/user_mappings/v2.go:156.63,160.18 4 1
github.com/onelogin/onelogin-go-sdk/pkg/services/user_mappings/v2.go:163.4,164.42 2 1
github.com/onelogin/onelogin-go-sdk/pkg/services/user_mappings/v2.go:167.4,169.18 3 1
github.com/onelogin/onelogin-go-sdk/pkg/services/user_mappings/v2.go:160.18,162.5 1 0
github.com/onelogin/onelogin-go-sdk/pkg/services/user_mappings/v2.go:164.42,166.5 1 1
github.com/onelogin/onelogin-go-sdk/pkg/services/user_mappings/v2.go:175.47,176.55 1 1
github.com/onelogin/onelogin-go-sdk/pkg/services/user_mappings/v2.go:183.3,183.97 1 1
github.com/onelogin/onelogin-go-sdk/pkg/services/user_mappings/v2.go:190.3,190.100 1 1
github.com/onelogin/onelogin-go-sdk/pkg/services/user_mappings/v2.go:176.55,178.18 2 1
github.com/onelogin/onelogin-go-sdk/pkg/services/user_mappings/v2.go:178.18,181.5 2 1
github.com/onelogin/onelogin-go-sdk/pkg/services/user_mappings/v2.go:183.97,185.18 2 1
github.com/onelogin/onelogin-go-sdk/pkg/services/user_mappings/v2.go:185.18,188.5 2 1
github.com/onelogin/onelogin-go-sdk/pkg/services/user_mappings/v2.go:190.100,192.18 2 1
github.com/onelogin/onelogin-go-sdk/pkg/services/user_mappings/v2.go:192.18,195.5 2 1
github.com/onelogin/onelogin-go-sdk/pkg/services/user_mappings/v2.go:199.41,200.52 1 1
github.com/onelogin/onelogin-go-sdk/pkg/services/user_mappings/v2.go:207.3,207.36 1 1
github.com/onelogin/onelogin-go-sdk/pkg/services/user_mappings/v2.go:200.52,202.18 2 1
github.com/onelogin/onelogin-go-sdk/pkg/services/user_mappings/v2.go:202.18,205.5 2 1
github.com/onelogin/onelogin-go-sdk/pkg/services/user_mappings/v2.go:207.36,208.92 1 1
github.com/onelogin/onelogin-go-sdk/pkg/services/user_mappings/v2.go:208.92,210.19 2 1
github.com/onelogin/onelogin-go-sdk/pkg/services/user_mappings/v2.go:210.19,213.6 2 1
github.com/onelogin/onelogin-go-sdk/pkg/services/users/v2.go:20.60,26.2 1 1
github.com/onelogin/onelogin-go-sdk/pkg/services/users/v2.go:30.63,37.16 2 1
github.com/onelogin/onelogin-go-sdk/pkg/services/users/v2.go:41.2,43.19 3 1
github.com/onelogin/onelogin-go-sdk/pkg/services/users/v2.go:37.16,39.3 1 1
github.com/onelogin/onelogin-go-sdk/pkg/services/users/v2.go:47.55,53.16 2 1
github.com/onelogin/onelogin-go-sdk/pkg/services/users/v2.go:56.2,58.19 3 1
github.com/onelogin/onelogin-go-sdk/pkg/services/users/v2.go:53.16,55.3 1 1
github.com/onelogin/onelogin-go-sdk/pkg/services/users/v2.go:63.48,70.16 2 1
github.com/onelogin/onelogin-go-sdk/pkg/services/users/v2.go:73.2,74.12 2 1
github.com/onelogin/onelogin-go-sdk/pkg/services/users/v2.go:70.16,72.3 1 1
github.com/onelogin/onelogin-go-sdk/pkg/services/users/v2.go:79.48,80.20 1 1
github.com/onelogin/onelogin-go-sdk/pkg/services/users/v2.go:83.2,89.16 2 1
github.com/onelogin/onelogin-go-sdk/pkg/services/users/v2.go:92.2,93.12 2 1
github.com/onelogin/onelogin-go-sdk/pkg/services/users/v2.go:80.20,82.3 1 1
github.com/onelogin/onelogin-go-sdk/pkg/services/users/v2.go:89.16,91.3 1 1
github.com/onelogin/onelogin-go-sdk/pkg/services/users/v2.go:97.47,102.17 1 1
github.com/onelogin/onelogin-go-sdk/pkg/services/users/v2.go:105.2,105.12 1 1
github.com/onelogin/onelogin-go-sdk/pkg/services/users/v2.go:102.17,104.3 1 1
github.com/onelogin/onelogin-go-sdk/pkg/utils/utils.go:10.56,13.2 2 1
github.com/onelogin/onelogin-go-sdk/pkg/utils/utils.go:16.37,29.2 10 1
github.com/onelogin/onelogin-go-sdk/pkg/utils/utils.go:33.55,35.25 2 1
github.com/onelogin/onelogin-go-sdk/pkg/utils/utils.go:41.2,41.14 1 1
github.com/onelogin/onelogin-go-sdk/pkg/utils/utils.go:44.2,44.12 1 1
github.com/onelogin/onelogin-go-sdk/pkg/utils/utils.go:35.25,37.14 2 1
github.com/onelogin/onelogin-go-sdk/pkg/utils/utils.go:37.14,38.9 1 1
github.com/onelogin/onelogin-go-sdk/pkg/utils/utils.go:41.14,43.3 1 1
